2023-04-10 00:45:27.943  INFO 15636 --- [main] c.e.d.DoctorAppointmentApplicationTests  : Starting DoctorAppointmentApplicationTests using Java 17.0.4.1 on BHARATH with PID 15636 (started by BHARATH in C:\Users\kbhav\Desktop\pract\DoctorAppointment)
2023-04-10 00:45:27.952  INFO 15636 --- [main] c.e.d.DoctorAppointmentApplicationTests  : No active profile set, falling back to 1 default profile: "default"
2023-04-10 00:45:28.590  INFO 15636 --- [main] .s.d.r.c.RepositoryConfigurationDelegate : Bootstrapping Spring Data JPA repositories in DEFAULT mode.
2023-04-10 00:45:28.670  INFO 15636 --- [main] .s.d.r.c.RepositoryConfigurationDelegate : Finished Spring Data repository scanning in 68 ms. Found 4 JPA repository interfaces.
2023-04-10 00:45:29.004  INFO 15636 --- [main] trationDelegate$BeanPostProcessorChecker : Bean 'org.springframework.ws.config.annotation.DelegatingWsConfiguration' of type [org.springframework.ws.config.annotation.DelegatingWsConfiguration$$EnhancerBySpringCGLIB$$6cde69ea] is not eligible for getting processed by all BeanPostProcessors (for example: not eligible for auto-proxying)
2023-04-10 00:45:29.073  INFO 15636 --- [main] .w.s.a.s.AnnotationActionEndpointMapping : Supporting [WS-Addressing August 2004, WS-Addressing 1.0]
2023-04-10 00:45:29.387  INFO 15636 --- [main] o.hibernate.jpa.internal.util.LogHelper  : HHH000204: Processing PersistenceUnitInfo [name: default]
2023-04-10 00:45:29.463  INFO 15636 --- [main] org.hibernate.Version                    : HHH000412: Hibernate ORM core version 5.6.14.Final
2023-04-10 00:45:29.674  INFO 15636 --- [main] o.hibernate.annotations.common.Version   : HCANN000001: Hibernate Commons Annotations {5.1.2.Final}
2023-04-10 00:45:29.846  INFO 15636 --- [main] com.zaxxer.hikari.HikariDataSource       : project - Starting...
2023-04-10 00:45:30.206  INFO 15636 --- [main] com.zaxxer.hikari.HikariDataSource       : project - Start completed.
2023-04-10 00:45:30.224  INFO 15636 --- [main] org.hibernate.dialect.Dialect            : HHH000400: Using dialect: org.hibernate.dialect.MySQL5InnoDBDialect
2023-04-10 00:45:31.022  INFO 15636 --- [main] o.h.e.t.j.p.i.JtaPlatformInitiator       : HHH000490: Using JtaPlatform implementation: [org.hibernate.engine.transaction.jta.platform.internal.NoJtaPlatform]
2023-04-10 00:45:31.029  INFO 15636 --- [main] j.LocalContainerEntityManagerFactoryBean : Initialized JPA EntityManagerFactory for persistence unit 'default'
2023-04-10 00:45:31.720  WARN 15636 --- [main] JpaBaseConfiguration$JpaWebConfiguration : spring.jpa.open-in-view is enabled by default. Therefore, database queries may be performed during view rendering. Explicitly configure spring.jpa.open-in-view to disable this warning
2023-04-10 00:45:32.486  INFO 15636 --- [main] c.e.d.DoctorAppointmentApplicationTests  : Started DoctorAppointmentApplicationTests in 4.903 seconds (JVM running for 6.138)
2023-04-10 00:45:32.743  INFO 15636 --- [SpringApplicationShutdownHook] j.LocalContainerEntityManagerFactoryBean : Closing JPA EntityManagerFactory for persistence unit 'default'
2023-04-10 00:45:32.748  INFO 15636 --- [SpringApplicationShutdownHook] com.zaxxer.hikari.HikariDataSource       : project - Shutdown initiated...
2023-04-10 00:45:32.777  INFO 15636 --- [SpringApplicationShutdownHook] com.zaxxer.hikari.HikariDataSource       : project - Shutdown completed.
2023-04-10 00:47:37.413  INFO 1856 --- [main] c.e.d.DoctorAppointmentApplicationTests  : Starting DoctorAppointmentApplicationTests using Java 17.0.4.1 on BHARATH with PID 1856 (started by BHARATH in C:\Users\kbhav\Desktop\pract\DoctorAppointment)
2023-04-10 00:47:37.415  INFO 1856 --- [main] c.e.d.DoctorAppointmentApplicationTests  : No active profile set, falling back to 1 default profile: "default"
2023-04-10 00:47:38.008  INFO 1856 --- [main] .s.d.r.c.RepositoryConfigurationDelegate : Bootstrapping Spring Data JPA repositories in DEFAULT mode.
2023-04-10 00:47:38.084  INFO 1856 --- [main] .s.d.r.c.RepositoryConfigurationDelegate : Finished Spring Data repository scanning in 65 ms. Found 4 JPA repository interfaces.
2023-04-10 00:47:38.425  INFO 1856 --- [main] trationDelegate$BeanPostProcessorChecker : Bean 'org.springframework.ws.config.annotation.DelegatingWsConfiguration' of type [org.springframework.ws.config.annotation.DelegatingWsConfiguration$$EnhancerBySpringCGLIB$$9fec1915] is not eligible for getting processed by all BeanPostProcessors (for example: not eligible for auto-proxying)
2023-04-10 00:47:38.496  INFO 1856 --- [main] .w.s.a.s.AnnotationActionEndpointMapping : Supporting [WS-Addressing August 2004, WS-Addressing 1.0]
2023-04-10 00:47:38.835  INFO 1856 --- [main] o.hibernate.jpa.internal.util.LogHelper  : HHH000204: Processing PersistenceUnitInfo [name: default]
2023-04-10 00:47:38.891  INFO 1856 --- [main] org.hibernate.Version                    : HHH000412: Hibernate ORM core version 5.6.14.Final
2023-04-10 00:47:39.096  INFO 1856 --- [main] o.hibernate.annotations.common.Version   : HCANN000001: Hibernate Commons Annotations {5.1.2.Final}
2023-04-10 00:47:39.234  INFO 1856 --- [main] com.zaxxer.hikari.HikariDataSource       : project - Starting...
2023-04-10 00:47:39.563  INFO 1856 --- [main] com.zaxxer.hikari.HikariDataSource       : project - Start completed.
2023-04-10 00:47:39.577  INFO 1856 --- [main] org.hibernate.dialect.Dialect            : HHH000400: Using dialect: org.hibernate.dialect.MySQL5InnoDBDialect
2023-04-10 00:47:40.386  INFO 1856 --- [main] o.h.e.t.j.p.i.JtaPlatformInitiator       : HHH000490: Using JtaPlatform implementation: [org.hibernate.engine.transaction.jta.platform.internal.NoJtaPlatform]
2023-04-10 00:47:40.398  INFO 1856 --- [main] j.LocalContainerEntityManagerFactoryBean : Initialized JPA EntityManagerFactory for persistence unit 'default'
2023-04-10 00:47:41.144  WARN 1856 --- [main] JpaBaseConfiguration$JpaWebConfiguration : spring.jpa.open-in-view is enabled by default. Therefore, database queries may be performed during view rendering. Explicitly configure spring.jpa.open-in-view to disable this warning
2023-04-10 00:47:41.883  INFO 1856 --- [main] c.e.d.DoctorAppointmentApplicationTests  : Started DoctorAppointmentApplicationTests in 4.829 seconds (JVM running for 6.24)
2023-04-10 00:47:42.106  INFO 1856 --- [SpringApplicationShutdownHook] j.LocalContainerEntityManagerFactoryBean : Closing JPA EntityManagerFactory for persistence unit 'default'
2023-04-10 00:47:42.110  INFO 1856 --- [SpringApplicationShutdownHook] com.zaxxer.hikari.HikariDataSource       : project - Shutdown initiated...
2023-04-10 00:47:42.124  INFO 1856 --- [SpringApplicationShutdownHook] com.zaxxer.hikari.HikariDataSource       : project - Shutdown completed.
2023-04-10 00:48:29.945  INFO 3792 --- [main] c.e.d.DoctorAppointmentApplicationTests  : Starting DoctorAppointmentApplicationTests using Java 17.0.4.1 on BHARATH with PID 3792 (started by BHARATH in C:\Users\kbhav\Desktop\pract\DoctorAppointment)
2023-04-10 00:48:29.947  INFO 3792 --- [main] c.e.d.DoctorAppointmentApplicationTests  : No active profile set, falling back to 1 default profile: "default"
2023-04-10 00:48:30.559  INFO 3792 --- [main] .s.d.r.c.RepositoryConfigurationDelegate : Bootstrapping Spring Data JPA repositories in DEFAULT mode.
2023-04-10 00:48:30.635  INFO 3792 --- [main] .s.d.r.c.RepositoryConfigurationDelegate : Finished Spring Data repository scanning in 65 ms. Found 4 JPA repository interfaces.
2023-04-10 00:48:30.983  INFO 3792 --- [main] trationDelegate$BeanPostProcessorChecker : Bean 'org.springframework.ws.config.annotation.DelegatingWsConfiguration' of type [org.springframework.ws.config.annotation.DelegatingWsConfiguration$$EnhancerBySpringCGLIB$$9fec1915] is not eligible for getting processed by all BeanPostProcessors (for example: not eligible for auto-proxying)
2023-04-10 00:48:31.059  INFO 3792 --- [main] .w.s.a.s.AnnotationActionEndpointMapping : Supporting [WS-Addressing August 2004, WS-Addressing 1.0]
2023-04-10 00:48:31.400  INFO 3792 --- [main] o.hibernate.jpa.internal.util.LogHelper  : HHH000204: Processing PersistenceUnitInfo [name: default]
2023-04-10 00:48:31.453  INFO 3792 --- [main] org.hibernate.Version                    : HHH000412: Hibernate ORM core version 5.6.14.Final
2023-04-10 00:48:31.613  INFO 3792 --- [main] o.hibernate.annotations.common.Version   : HCANN000001: Hibernate Commons Annotations {5.1.2.Final}
2023-04-10 00:48:31.768  INFO 3792 --- [main] com.zaxxer.hikari.HikariDataSource       : project - Starting...
2023-04-10 00:48:32.118  INFO 3792 --- [main] com.zaxxer.hikari.HikariDataSource       : project - Start completed.
2023-04-10 00:48:32.134  INFO 3792 --- [main] org.hibernate.dialect.Dialect            : HHH000400: Using dialect: org.hibernate.dialect.MySQL5InnoDBDialect
2023-04-10 00:48:32.914  INFO 3792 --- [main] o.h.e.t.j.p.i.JtaPlatformInitiator       : HHH000490: Using JtaPlatform implementation: [org.hibernate.engine.transaction.jta.platform.internal.NoJtaPlatform]
2023-04-10 00:48:32.921  INFO 3792 --- [main] j.LocalContainerEntityManagerFactoryBean : Initialized JPA EntityManagerFactory for persistence unit 'default'
2023-04-10 00:48:33.672  WARN 3792 --- [main] JpaBaseConfiguration$JpaWebConfiguration : spring.jpa.open-in-view is enabled by default. Therefore, database queries may be performed during view rendering. Explicitly configure spring.jpa.open-in-view to disable this warning
2023-04-10 00:48:34.424  INFO 3792 --- [main] c.e.d.DoctorAppointmentApplicationTests  : Started DoctorAppointmentApplicationTests in 4.899 seconds (JVM running for 6.151)
2023-04-10 00:48:34.660  INFO 3792 --- [SpringApplicationShutdownHook] j.LocalContainerEntityManagerFactoryBean : Closing JPA EntityManagerFactory for persistence unit 'default'
2023-04-10 00:48:34.663  INFO 3792 --- [SpringApplicationShutdownHook] com.zaxxer.hikari.HikariDataSource       : project - Shutdown initiated...
2023-04-10 00:48:34.675  INFO 3792 --- [SpringApplicationShutdownHook] com.zaxxer.hikari.HikariDataSource       : project - Shutdown completed.
2023-04-10 00:50:02.126  INFO 24084 --- [main] c.e.d.DoctorAppointmentApplicationTests  : Starting DoctorAppointmentApplicationTests using Java 17.0.4.1 on BHARATH with PID 24084 (started by BHARATH in C:\Users\kbhav\Desktop\pract\DoctorAppointment)
2023-04-10 00:50:02.129  INFO 24084 --- [main] c.e.d.DoctorAppointmentApplicationTests  : No active profile set, falling back to 1 default profile: "default"
2023-04-10 00:50:03.170  INFO 24084 --- [main] .s.d.r.c.RepositoryConfigurationDelegate : Bootstrapping Spring Data JPA repositories in DEFAULT mode.
2023-04-10 00:50:03.263  INFO 24084 --- [main] .s.d.r.c.RepositoryConfigurationDelegate : Finished Spring Data repository scanning in 80 ms. Found 4 JPA repository interfaces.
2023-04-10 00:50:03.720  INFO 24084 --- [main] trationDelegate$BeanPostProcessorChecker : Bean 'org.springframework.ws.config.annotation.DelegatingWsConfiguration' of type [org.springframework.ws.config.annotation.DelegatingWsConfiguration$$EnhancerBySpringCGLIB$$a70ba5e6] is not eligible for getting processed by all BeanPostProcessors (for example: not eligible for auto-proxying)
2023-04-10 00:50:03.799  INFO 24084 --- [main] .w.s.a.s.AnnotationActionEndpointMapping : Supporting [WS-Addressing August 2004, WS-Addressing 1.0]
2023-04-10 00:50:04.246  INFO 24084 --- [main] o.hibernate.jpa.internal.util.LogHelper  : HHH000204: Processing PersistenceUnitInfo [name: default]
2023-04-10 00:50:04.342  INFO 24084 --- [main] org.hibernate.Version                    : HHH000412: Hibernate ORM core version 5.6.14.Final
2023-04-10 00:50:04.631  INFO 24084 --- [main] o.hibernate.annotations.common.Version   : HCANN000001: Hibernate Commons Annotations {5.1.2.Final}
2023-04-10 00:50:04.889  INFO 24084 --- [main] com.zaxxer.hikari.HikariDataSource       : project - Starting...
2023-04-10 00:50:05.619  INFO 24084 --- [main] com.zaxxer.hikari.HikariDataSource       : project - Start completed.
2023-04-10 00:50:05.652  INFO 24084 --- [main] org.hibernate.dialect.Dialect            : HHH000400: Using dialect: org.hibernate.dialect.MySQL5InnoDBDialect
2023-04-10 00:50:06.827  INFO 24084 --- [main] o.h.e.t.j.p.i.JtaPlatformInitiator       : HHH000490: Using JtaPlatform implementation: [org.hibernate.engine.transaction.jta.platform.internal.NoJtaPlatform]
2023-04-10 00:50:06.837  INFO 24084 --- [main] j.LocalContainerEntityManagerFactoryBean : Initialized JPA EntityManagerFactory for persistence unit 'default'
2023-04-10 00:50:07.783  WARN 24084 --- [main] JpaBaseConfiguration$JpaWebConfiguration : spring.jpa.open-in-view is enabled by default. Therefore, database queries may be performed during view rendering. Explicitly configure spring.jpa.open-in-view to disable this warning
2023-04-10 00:50:08.569  INFO 24084 --- [main] c.e.d.DoctorAppointmentApplicationTests  : Started DoctorAppointmentApplicationTests in 7.13 seconds (JVM running for 12.562)
2023-04-10 00:50:09.242  INFO 24084 --- [SpringApplicationShutdownHook] j.LocalContainerEntityManagerFactoryBean : Closing JPA EntityManagerFactory for persistence unit 'default'
2023-04-10 00:50:09.253  INFO 24084 --- [SpringApplicationShutdownHook] com.zaxxer.hikari.HikariDataSource       : project - Shutdown initiated...
2023-04-10 00:50:09.306  INFO 24084 --- [SpringApplicationShutdownHook] com.zaxxer.hikari.HikariDataSource       : project - Shutdown completed.
2023-04-10 00:50:37.902  INFO 18156 --- [restartedMain] c.e.demo.DoctorAppointmentApplication    : Starting DoctorAppointmentApplication using Java 17.0.4.1 on BHARATH with PID 18156 (C:\Users\kbhav\Desktop\pract\DoctorAppointment\target\classes started by BHARATH in C:\Users\kbhav\Desktop\pract\DoctorAppointment)
2023-04-10 00:50:37.902  INFO 18156 --- [restartedMain] c.e.demo.DoctorAppointmentApplication    : No active profile set, falling back to 1 default profile: "default"
2023-04-10 00:50:37.944  INFO 18156 --- [restartedMain] .e.DevToolsPropertyDefaultsPostProcessor : Devtools property defaults active! Set 'spring.devtools.add-properties' to 'false' to disable
2023-04-10 00:50:37.944  INFO 18156 --- [restartedMain] .e.DevToolsPropertyDefaultsPostProcessor : For additional web related logging consider setting the 'logging.level.web' property to 'DEBUG'
2023-04-10 00:50:38.433  INFO 18156 --- [restartedMain] .s.d.r.c.RepositoryConfigurationDelegate : Bootstrapping Spring Data JPA repositories in DEFAULT mode.
2023-04-10 00:50:38.481  INFO 18156 --- [restartedMain] .s.d.r.c.RepositoryConfigurationDelegate : Finished Spring Data repository scanning in 39 ms. Found 4 JPA repository interfaces.
2023-04-10 00:50:38.690  INFO 18156 --- [restartedMain] trationDelegate$BeanPostProcessorChecker : Bean 'org.springframework.ws.config.annotation.DelegatingWsConfiguration' of type [org.springframework.ws.config.annotation.DelegatingWsConfiguration$$EnhancerBySpringCGLIB$$13c01a6e] is not eligible for getting processed by all BeanPostProcessors (for example: not eligible for auto-proxying)
2023-04-10 00:50:38.730  INFO 18156 --- [restartedMain] .w.s.a.s.AnnotationActionEndpointMapping : Supporting [WS-Addressing August 2004, WS-Addressing 1.0]
2023-04-10 00:50:39.002  INFO 18156 --- [restartedMain] o.s.b.w.embedded.tomcat.TomcatWebServer  : Tomcat initialized with port(s): 8080 (http)
2023-04-10 00:50:39.011  INFO 18156 --- [restartedMain] o.apache.catalina.core.StandardService   : Starting service [Tomcat]
2023-04-10 00:50:39.011  INFO 18156 --- [restartedMain] org.apache.catalina.core.StandardEngine  : Starting Servlet engine: [Apache Tomcat/9.0.69]
2023-04-10 00:50:39.219  INFO 18156 --- [restartedMain] o.a.c.c.C.[Tomcat].[localhost].[/]       : Initializing Spring embedded WebApplicationContext
2023-04-10 00:50:39.219  INFO 18156 --- [restartedMain] w.s.c.ServletWebServerApplicationContext : Root WebApplicationContext: initialization completed in 1273 ms
2023-04-10 00:50:39.357  INFO 18156 --- [restartedMain] o.hibernate.jpa.internal.util.LogHelper  : HHH000204: Processing PersistenceUnitInfo [name: default]
2023-04-10 00:50:39.392  INFO 18156 --- [restartedMain] org.hibernate.Version                    : HHH000412: Hibernate ORM core version 5.6.14.Final
2023-04-10 00:50:39.526  INFO 18156 --- [restartedMain] o.hibernate.annotations.common.Version   : HCANN000001: Hibernate Commons Annotations {5.1.2.Final}
2023-04-10 00:50:39.597  INFO 18156 --- [restartedMain] com.zaxxer.hikari.HikariDataSource       : project - Starting...
2023-04-10 00:50:39.867  INFO 18156 --- [restartedMain] com.zaxxer.hikari.HikariDataSource       : project - Start completed.
2023-04-10 00:50:39.880  INFO 18156 --- [restartedMain] org.hibernate.dialect.Dialect            : HHH000400: Using dialect: org.hibernate.dialect.MySQL5InnoDBDialect
2023-04-10 00:50:40.689  INFO 18156 --- [restartedMain] o.h.e.t.j.p.i.JtaPlatformInitiator       : HHH000490: Using JtaPlatform implementation: [org.hibernate.engine.transaction.jta.platform.internal.NoJtaPlatform]
2023-04-10 00:50:40.699  INFO 18156 --- [restartedMain] j.LocalContainerEntityManagerFactoryBean : Initialized JPA EntityManagerFactory for persistence unit 'default'
2023-04-10 00:50:41.036  WARN 18156 --- [restartedMain] JpaBaseConfiguration$JpaWebConfiguration : spring.jpa.open-in-view is enabled by default. Therefore, database queries may be performed during view rendering. Explicitly configure spring.jpa.open-in-view to disable this warning
2023-04-10 00:50:41.302  INFO 18156 --- [restartedMain] o.s.b.d.a.OptionalLiveReloadServer       : LiveReload server is running on port 35729
2023-04-10 00:50:41.337  INFO 18156 --- [restartedMain] o.s.b.w.embedded.tomcat.TomcatWebServer  : Tomcat started on port(s): 8080 (http) with context path ''
2023-04-10 00:50:41.345  INFO 18156 --- [restartedMain] c.e.demo.DoctorAppointmentApplication    : Started DoctorAppointmentApplication in 3.781 seconds (JVM running for 4.574)
2023-04-10 00:50:50.724  INFO 22732 --- [main] c.e.d.DoctorAppointmentApplicationTests  : Starting DoctorAppointmentApplicationTests using Java 17.0.4.1 on BHARATH with PID 22732 (started by BHARATH in C:\Users\kbhav\Desktop\pract\DoctorAppointment)
2023-04-10 00:50:50.726  INFO 22732 --- [main] c.e.d.DoctorAppointmentApplicationTests  : No active profile set, falling back to 1 default profile: "default"
2023-04-10 00:50:51.333  INFO 22732 --- [main] .s.d.r.c.RepositoryConfigurationDelegate : Bootstrapping Spring Data JPA repositories in DEFAULT mode.
2023-04-10 00:50:51.413  INFO 22732 --- [main] .s.d.r.c.RepositoryConfigurationDelegate : Finished Spring Data repository scanning in 69 ms. Found 4 JPA repository interfaces.
2023-04-10 00:50:51.757  INFO 22732 --- [main] trationDelegate$BeanPostProcessorChecker : Bean 'org.springframework.ws.config.annotation.DelegatingWsConfiguration' of type [org.springframework.ws.config.annotation.DelegatingWsConfiguration$$EnhancerBySpringCGLIB$$afe15969] is not eligible for getting processed by all BeanPostProcessors (for example: not eligible for auto-proxying)
2023-04-10 00:50:51.828  INFO 22732 --- [main] .w.s.a.s.AnnotationActionEndpointMapping : Supporting [WS-Addressing August 2004, WS-Addressing 1.0]
2023-04-10 00:50:52.163  INFO 22732 --- [main] o.hibernate.jpa.internal.util.LogHelper  : HHH000204: Processing PersistenceUnitInfo [name: default]
2023-04-10 00:50:52.225  INFO 22732 --- [main] org.hibernate.Version                    : HHH000412: Hibernate ORM core version 5.6.14.Final
2023-04-10 00:50:52.436  INFO 22732 --- [main] o.hibernate.annotations.common.Version   : HCANN000001: Hibernate Commons Annotations {5.1.2.Final}
2023-04-10 00:50:52.602  INFO 22732 --- [main] com.zaxxer.hikari.HikariDataSource       : project - Starting...
2023-04-10 00:50:52.966  INFO 22732 --- [main] com.zaxxer.hikari.HikariDataSource       : project - Start completed.
2023-04-10 00:50:52.981  INFO 22732 --- [main] org.hibernate.dialect.Dialect            : HHH000400: Using dialect: org.hibernate.dialect.MySQL5InnoDBDialect
2023-04-10 00:50:53.798  INFO 22732 --- [main] o.h.e.t.j.p.i.JtaPlatformInitiator       : HHH000490: Using JtaPlatform implementation: [org.hibernate.engine.transaction.jta.platform.internal.NoJtaPlatform]
2023-04-10 00:50:53.805  INFO 22732 --- [main] j.LocalContainerEntityManagerFactoryBean : Initialized JPA EntityManagerFactory for persistence unit 'default'
2023-04-10 00:50:54.593  WARN 22732 --- [main] JpaBaseConfiguration$JpaWebConfiguration : spring.jpa.open-in-view is enabled by default. Therefore, database queries may be performed during view rendering. Explicitly configure spring.jpa.open-in-view to disable this warning
2023-04-10 00:50:55.302  INFO 22732 --- [main] c.e.d.DoctorAppointmentApplicationTests  : Started DoctorAppointmentApplicationTests in 5.057 seconds (JVM running for 6.284)
2023-04-10 00:50:55.660  INFO 22732 --- [SpringApplicationShutdownHook] j.LocalContainerEntityManagerFactoryBean : Closing JPA EntityManagerFactory for persistence unit 'default'
2023-04-10 00:50:55.665  INFO 22732 --- [SpringApplicationShutdownHook] com.zaxxer.hikari.HikariDataSource       : project - Shutdown initiated...
2023-04-10 00:50:55.678  INFO 22732 --- [SpringApplicationShutdownHook] com.zaxxer.hikari.HikariDataSource       : project - Shutdown completed.
2023-04-10 00:52:43.297  INFO 18156 --- [http-nio-8080-exec-1] o.a.c.c.C.[Tomcat].[localhost].[/]       : Initializing Spring DispatcherServlet 'dispatcherServlet'
2023-04-10 00:52:43.298  INFO 18156 --- [http-nio-8080-exec-1] o.s.web.servlet.DispatcherServlet        : Initializing Servlet 'dispatcherServlet'
2023-04-10 00:52:43.301  INFO 18156 --- [http-nio-8080-exec-1] o.s.web.servlet.DispatcherServlet        : Completed initialization in 3 ms
2023-04-10 00:52:43.756  INFO 18156 --- [http-nio-8080-exec-2] c.e.demo.DoctorAppointmentApplication    : Patient Loggedin
2023-04-10 00:52:45.535  INFO 18156 --- [http-nio-8080-exec-4] c.e.demo.DoctorAppointmentApplication    : Logged in patient checking available appointements
2023-04-10 00:52:45.603  INFO 18156 --- [http-nio-8080-exec-6] c.e.demo.DoctorAppointmentApplication    : Logged in patient checking available appointements
2023-04-10 00:53:25.494  INFO 18156 --- [http-nio-8080-exec-7] c.e.demo.DoctorAppointmentApplication    : Patient Loggedin
2023-04-10 00:53:27.152  INFO 18156 --- [http-nio-8080-exec-9] c.e.demo.DoctorAppointmentApplication    : Logged in patient checking available appointements
2023-04-10 00:53:27.201  INFO 18156 --- [http-nio-8080-exec-1] c.e.demo.DoctorAppointmentApplication    : Logged in patient checking available appointements
2023-04-10 00:53:30.786  INFO 18156 --- [http-nio-8080-exec-2] c.e.demo.DoctorAppointmentApplication    : Logged in patient checking available appointements
2023-04-10 00:53:33.748  INFO 18156 --- [http-nio-8080-exec-3] c.e.demo.DoctorAppointmentApplication    : Logged in patient checking available appointements
2023-04-10 00:53:36.287  INFO 18156 --- [http-nio-8080-exec-5] c.e.demo.DoctorAppointmentApplication    : Logged in patient checking available appointements
2023-04-10 00:53:38.552  INFO 18156 --- [http-nio-8080-exec-4] c.e.demo.DoctorAppointmentApplication    : Logged in patient checking available appointements
2023-04-10 00:53:40.577  INFO 18156 --- [http-nio-8080-exec-6] c.e.demo.DoctorAppointmentApplication    : Logged in patient checking available appointements
2023-04-10 00:53:42.869  INFO 18156 --- [http-nio-8080-exec-7] c.e.demo.DoctorAppointmentApplication    : Logged in patient checking available appointements
2023-04-10 00:53:46.076  INFO 18156 --- [http-nio-8080-exec-8] c.e.demo.DoctorAppointmentApplication    : Logged in patient checking available appointements
2023-04-10 00:53:51.139  INFO 18156 --- [http-nio-8080-exec-9] c.e.demo.DoctorAppointmentApplication    : Logged in patient checking available appointements
2023-04-10 00:53:53.373  INFO 18156 --- [http-nio-8080-exec-10] c.e.demo.DoctorAppointmentApplication    : Logged in patient checking available appointements
2023-04-10 00:54:35.954  INFO 18156 --- [http-nio-8080-exec-1] c.e.demo.DoctorAppointmentApplication    : Logged in patient checking available appointements
2023-04-10 00:59:23.488  INFO 18156 --- [http-nio-8080-exec-6] c.e.demo.DoctorAppointmentApplication    : Logged in patient checking available appointements
2023-04-10 00:59:23.529  INFO 18156 --- [http-nio-8080-exec-8] c.e.demo.DoctorAppointmentApplication    : Logged in patient checking available appointements
2023-04-10 01:01:09.492  INFO 18156 --- [http-nio-8080-exec-5] c.e.demo.DoctorAppointmentApplication    : Logged in patient checking available appointements
2023-04-10 01:01:40.908  INFO 18156 --- [http-nio-8080-exec-7] c.e.demo.DoctorAppointmentApplication    : Logged in patient checking available appointements
2023-04-10 01:01:47.704  INFO 18156 --- [http-nio-8080-exec-6] c.e.demo.DoctorAppointmentApplication    : Logged in patient checking available appointements
2023-04-10 01:01:50.877  INFO 18156 --- [http-nio-8080-exec-8] c.e.demo.DoctorAppointmentApplication    : Logged in patient checking available appointements
2023-04-10 01:01:53.798  INFO 18156 --- [http-nio-8080-exec-9] c.e.demo.DoctorAppointmentApplication    : Logged in patient checking available appointements
2023-04-10 01:06:31.796  INFO 18156 --- [http-nio-8080-exec-3] c.e.demo.DoctorAppointmentApplication    : Logged in patient checking available appointements
2023-04-10 01:06:31.814  INFO 18156 --- [http-nio-8080-exec-4] c.e.demo.DoctorAppointmentApplication    : Logged in patient checking available appointements
2023-04-10 01:08:16.235  INFO 18156 --- [http-nio-8080-exec-10] c.e.demo.DoctorAppointmentApplication    : Logged in patient checking available appointements
2023-04-10 01:08:19.201  INFO 18156 --- [http-nio-8080-exec-2] c.e.demo.DoctorAppointmentApplication    : Logged in patient checking available appointements
2023-04-10 01:16:38.320  INFO 18156 --- [http-nio-8080-exec-5] c.e.demo.DoctorAppointmentApplication    : Logged in patient checking available appointements
2023-04-10 01:17:00.393  INFO 18156 --- [http-nio-8080-exec-7] c.e.demo.DoctorAppointmentApplication    : Logged in patient checking available appointements
2023-04-10 01:17:33.317  INFO 18156 --- [http-nio-8080-exec-6] c.e.demo.DoctorAppointmentApplication    : Logged in patient checking available appointements
2023-04-10 01:17:35.565  INFO 18156 --- [http-nio-8080-exec-8] c.e.demo.DoctorAppointmentApplication    : Logged in patient checking available appointements
2023-04-10 01:24:54.594  INFO 18156 --- [http-nio-8080-exec-2] c.e.demo.DoctorAppointmentApplication    : Logged in patient checking available appointements
2023-04-10 01:24:56.812  INFO 18156 --- [http-nio-8080-exec-1] c.e.demo.DoctorAppointmentApplication    : Logged in patient checking available appointements
2023-04-10 01:25:06.451  INFO 18156 --- [http-nio-8080-exec-3] c.e.demo.DoctorAppointmentApplication    : Logged in patient checking available appointements
2023-04-10 01:25:08.560  INFO 18156 --- [http-nio-8080-exec-5] c.e.demo.DoctorAppointmentApplication    : Logged in patient checking available appointements
2023-04-10 01:25:10.726  INFO 18156 --- [http-nio-8080-exec-4] c.e.demo.DoctorAppointmentApplication    : Logged in patient checking available appointements
2023-04-10 01:25:14.127  INFO 18156 --- [http-nio-8080-exec-7] c.e.demo.DoctorAppointmentApplication    : Logged in patient checking available appointements
2023-04-10 01:26:22.667  INFO 18156 --- [http-nio-8080-exec-9] c.e.demo.DoctorAppointmentApplication    : Logged in patient checking available appointements
2023-04-10 01:26:22.696  INFO 18156 --- [http-nio-8080-exec-2] c.e.demo.DoctorAppointmentApplication    : Logged in patient checking available appointements
2023-04-10 01:28:14.472  INFO 18156 --- [RMI TCP Connection(41)-127.0.0.1] inMXBeanRegistrar$SpringApplicationAdmin : Application shutdown requested.
2023-04-10 01:28:14.585  INFO 18156 --- [RMI TCP Connection(41)-127.0.0.1] o.apache.catalina.core.StandardService   : Stopping service [Tomcat]
2023-04-10 01:28:14.589  INFO 18156 --- [RMI TCP Connection(41)-127.0.0.1] o.a.c.c.C.[Tomcat].[localhost].[/]       : Destroying Spring FrameworkServlet 'dispatcherServlet'
2023-04-10 01:28:14.604  INFO 18156 --- [RMI TCP Connection(41)-127.0.0.1] j.LocalContainerEntityManagerFactoryBean : Closing JPA EntityManagerFactory for persistence unit 'default'
2023-04-10 01:28:14.615  INFO 18156 --- [RMI TCP Connection(41)-127.0.0.1] com.zaxxer.hikari.HikariDataSource       : project - Shutdown initiated...
2023-04-10 01:28:14.665  INFO 18156 --- [RMI TCP Connection(41)-127.0.0.1] com.zaxxer.hikari.HikariDataSource       : project - Shutdown completed.
2023-04-10 11:47:01.620  INFO 14828 --- [restartedMain] c.e.demo.DoctorAppointmentApplication    : Starting DoctorAppointmentApplication using Java 17.0.4.1 on BHARATH with PID 14828 (C:\Users\kbhav\Desktop\pract\DoctorAppointment\target\classes started by BHARATH in C:\Users\kbhav\Desktop\pract\DoctorAppointment)
2023-04-10 11:47:01.622  INFO 14828 --- [restartedMain] c.e.demo.DoctorAppointmentApplication    : No active profile set, falling back to 1 default profile: "default"
2023-04-10 11:47:01.681  INFO 14828 --- [restartedMain] .e.DevToolsPropertyDefaultsPostProcessor : Devtools property defaults active! Set 'spring.devtools.add-properties' to 'false' to disable
2023-04-10 11:47:01.681  INFO 14828 --- [restartedMain] .e.DevToolsPropertyDefaultsPostProcessor : For additional web related logging consider setting the 'logging.level.web' property to 'DEBUG'
2023-04-10 11:47:02.449  INFO 14828 --- [restartedMain] .s.d.r.c.RepositoryConfigurationDelegate : Bootstrapping Spring Data JPA repositories in DEFAULT mode.
2023-04-10 11:47:02.521  INFO 14828 --- [restartedMain] .s.d.r.c.RepositoryConfigurationDelegate : Finished Spring Data repository scanning in 61 ms. Found 4 JPA repository interfaces.
2023-04-10 11:47:03.025  INFO 14828 --- [restartedMain] trationDelegate$BeanPostProcessorChecker : Bean 'org.springframework.ws.config.annotation.DelegatingWsConfiguration' of type [org.springframework.ws.config.annotation.DelegatingWsConfiguration$$EnhancerBySpringCGLIB$$7c45fb6b] is not eligible for getting processed by all BeanPostProcessors (for example: not eligible for auto-proxying)
2023-04-10 11:47:03.099  INFO 14828 --- [restartedMain] .w.s.a.s.AnnotationActionEndpointMapping : Supporting [WS-Addressing August 2004, WS-Addressing 1.0]
2023-04-10 11:47:03.457  INFO 14828 --- [restartedMain] o.s.b.w.embedded.tomcat.TomcatWebServer  : Tomcat initialized with port(s): 8080 (http)
2023-04-10 11:47:03.469  INFO 14828 --- [restartedMain] o.apache.catalina.core.StandardService   : Starting service [Tomcat]
2023-04-10 11:47:03.469  INFO 14828 --- [restartedMain] org.apache.catalina.core.StandardEngine  : Starting Servlet engine: [Apache Tomcat/9.0.69]
2023-04-10 11:47:03.702  INFO 14828 --- [restartedMain] o.a.c.c.C.[Tomcat].[localhost].[/]       : Initializing Spring embedded WebApplicationContext
2023-04-10 11:47:03.703  INFO 14828 --- [restartedMain] w.s.c.ServletWebServerApplicationContext : Root WebApplicationContext: initialization completed in 2021 ms
2023-04-10 11:47:03.906  INFO 14828 --- [restartedMain] o.hibernate.jpa.internal.util.LogHelper  : HHH000204: Processing PersistenceUnitInfo [name: default]
2023-04-10 11:47:03.981  INFO 14828 --- [restartedMain] org.hibernate.Version                    : HHH000412: Hibernate ORM core version 5.6.14.Final
2023-04-10 11:47:04.193  INFO 14828 --- [restartedMain] o.hibernate.annotations.common.Version   : HCANN000001: Hibernate Commons Annotations {5.1.2.Final}
2023-04-10 11:47:04.305  INFO 14828 --- [restartedMain] com.zaxxer.hikari.HikariDataSource       : project - Starting...
2023-04-10 11:47:04.681  INFO 14828 --- [restartedMain] com.zaxxer.hikari.HikariDataSource       : project - Start completed.
2023-04-10 11:47:04.702  INFO 14828 --- [restartedMain] org.hibernate.dialect.Dialect            : HHH000400: Using dialect: org.hibernate.dialect.MySQL5InnoDBDialect
2023-04-10 11:47:05.651  INFO 14828 --- [restartedMain] o.h.e.t.j.p.i.JtaPlatformInitiator       : HHH000490: Using JtaPlatform implementation: [org.hibernate.engine.transaction.jta.platform.internal.NoJtaPlatform]
2023-04-10 11:47:05.660  INFO 14828 --- [restartedMain] j.LocalContainerEntityManagerFactoryBean : Initialized JPA EntityManagerFactory for persistence unit 'default'
2023-04-10 11:47:06.158  WARN 14828 --- [restartedMain] JpaBaseConfiguration$JpaWebConfiguration : spring.jpa.open-in-view is enabled by default. Therefore, database queries may be performed during view rendering. Explicitly configure spring.jpa.open-in-view to disable this warning
2023-04-10 11:47:06.591  INFO 14828 --- [restartedMain] o.s.b.d.a.OptionalLiveReloadServer       : LiveReload server is running on port 35729
2023-04-10 11:47:06.637  INFO 14828 --- [restartedMain] o.s.b.w.embedded.tomcat.TomcatWebServer  : Tomcat started on port(s): 8080 (http) with context path ''
2023-04-10 11:47:06.648  INFO 14828 --- [restartedMain] c.e.demo.DoctorAppointmentApplication    : Started DoctorAppointmentApplication in 5.653 seconds (JVM running for 7.654)
2023-04-10 11:47:26.126  INFO 2644 --- [main] c.e.d.DoctorAppointmentApplicationTests  : Starting DoctorAppointmentApplicationTests using Java 17.0.4.1 on BHARATH with PID 2644 (started by BHARATH in C:\Users\kbhav\Desktop\pract\DoctorAppointment)
2023-04-10 11:47:26.129  INFO 2644 --- [main] c.e.d.DoctorAppointmentApplicationTests  : No active profile set, falling back to 1 default profile: "default"
2023-04-10 11:47:26.990  INFO 2644 --- [main] .s.d.r.c.RepositoryConfigurationDelegate : Bootstrapping Spring Data JPA repositories in DEFAULT mode.
2023-04-10 11:47:27.091  INFO 2644 --- [main] .s.d.r.c.RepositoryConfigurationDelegate : Finished Spring Data repository scanning in 87 ms. Found 4 JPA repository interfaces.
2023-04-10 11:47:27.516  INFO 2644 --- [main] trationDelegate$BeanPostProcessorChecker : Bean 'org.springframework.ws.config.annotation.DelegatingWsConfiguration' of type [org.springframework.ws.config.annotation.DelegatingWsConfiguration$$EnhancerBySpringCGLIB$$9fec1915] is not eligible for getting processed by all BeanPostProcessors (for example: not eligible for auto-proxying)
2023-04-10 11:47:27.608  INFO 2644 --- [main] .w.s.a.s.AnnotationActionEndpointMapping : Supporting [WS-Addressing August 2004, WS-Addressing 1.0]
2023-04-10 11:47:28.074  INFO 2644 --- [main] o.hibernate.jpa.internal.util.LogHelper  : HHH000204: Processing PersistenceUnitInfo [name: default]
2023-04-10 11:47:28.154  INFO 2644 --- [main] org.hibernate.Version                    : HHH000412: Hibernate ORM core version 5.6.14.Final
2023-04-10 11:47:28.397  INFO 2644 --- [main] o.hibernate.annotations.common.Version   : HCANN000001: Hibernate Commons Annotations {5.1.2.Final}
2023-04-10 11:47:28.613  INFO 2644 --- [main] com.zaxxer.hikari.HikariDataSource       : project - Starting...
2023-04-10 11:47:29.040  INFO 2644 --- [main] com.zaxxer.hikari.HikariDataSource       : project - Start completed.
2023-04-10 11:47:29.058  INFO 2644 --- [main] org.hibernate.dialect.Dialect            : HHH000400: Using dialect: org.hibernate.dialect.MySQL5InnoDBDialect
2023-04-10 11:47:30.283  INFO 2644 --- [main] o.h.e.t.j.p.i.JtaPlatformInitiator       : HHH000490: Using JtaPlatform implementation: [org.hibernate.engine.transaction.jta.platform.internal.NoJtaPlatform]
2023-04-10 11:47:30.295  INFO 2644 --- [main] j.LocalContainerEntityManagerFactoryBean : Initialized JPA EntityManagerFactory for persistence unit 'default'
2023-04-10 11:47:31.396  WARN 2644 --- [main] JpaBaseConfiguration$JpaWebConfiguration : spring.jpa.open-in-view is enabled by default. Therefore, database queries may be performed during view rendering. Explicitly configure spring.jpa.open-in-view to disable this warning
2023-04-10 11:47:32.316  INFO 2644 --- [main] c.e.d.DoctorAppointmentApplicationTests  : Started DoctorAppointmentApplicationTests in 6.717 seconds (JVM running for 8.849)
2023-04-10 11:47:32.646  INFO 2644 --- [SpringApplicationShutdownHook] j.LocalContainerEntityManagerFactoryBean : Closing JPA EntityManagerFactory for persistence unit 'default'
2023-04-10 11:47:32.650  INFO 2644 --- [SpringApplicationShutdownHook] com.zaxxer.hikari.HikariDataSource       : project - Shutdown initiated...
2023-04-10 11:47:32.661  INFO 2644 --- [SpringApplicationShutdownHook] com.zaxxer.hikari.HikariDataSource       : project - Shutdown completed.
2023-04-10 12:38:08.677  WARN 14828 --- [project housekeeper] com.zaxxer.hikari.pool.HikariPool        : project - Thread starvation or clock leap detected (housekeeper delta=28m5s852ms575µs300ns).
2023-04-10 13:17:27.583  WARN 14828 --- [project housekeeper] com.zaxxer.hikari.pool.HikariPool        : project - Thread starvation or clock leap detected (housekeeper delta=11m45s962ms42µs200ns).
